<testsuites id="" name="" tests="1" failures="0" skipped="0" errors="0" time="8.678932000000001">
<testsuite name="SauceDemoCheckoutTest.spec.js" timestamp="2026-05-27T14:43:07.291Z" hostname="" tests="1" failures="0" skipped="0" time="6.552" errors="0">
<testcase name="SauceDemo full checkout flow" classname="SauceDemoCheckoutTest.spec.js" time="6.552">
<system-out>
<![CDATA[SAUCEDEMO E2E CHECKOUT TEST
STEP 1: Login to SauceDemo
Login successful

STEP 2: Add product to cart
Product added

STEP 3: View cart
Cart verified

STEP 4: Checkout
Checkout completed

STEP 5: Verification
   [OK] Thank you for your order!
TEST PASSED!
]]>
</system-out>
</testcase>
</testsuite>
</testsuites>