<?xml version="1.0" encoding="UTF-8"?>
<testsuite xmlns:xsi="http://www.w3.org/2001/XMLSchema-instance" xsi:noNamespaceSchemaLocation="https://maven.apache.org/surefire/maven-surefire-plugin/xsd/surefire-test-report.xsd" version="3.0.2" name="runners.TestRunner" time="33.685" tests="10" errors="0" skipped="0" failures="0">
  <properties>
[...]
</properties>
  <testcase name="[1:7] Get all products" classname="features/fakeStoreAPI" time="25.358">
    <system-out><![CDATA[14:47:25.290 [main] INFO  com.intuit.karate - Running tests in environment: tst 
14:47:25.296 [main] INFO  com.intuit.karate - Base URL: https://fakestoreapi.com 
14:47:48.589 [main] INFO  com.intuit.karate - [print] Response: [
  {
    "id": 1,
    "title": "Fjallraven - Foldsack No. 1 Backpack, Fits 15 Laptops",
    "price": 109.95,
    "description": "Your perfect pack for everyday use and walks in the forest. Stash your laptop (up to 15 inches) in the padded sleeve, your everyday",
    "category": "men's clothing",
    "image": "https://fakestoreapi.com/img/81fPKd-2AYL._AC_SL1500_t.png",
    "rating": {
      "rate": 3.9,
      "count": 120
    }
  },
  {
    "id": 2,
    "title": "Mens Casual Premium Slim Fit T-Shirts ",
    "price": 22.3,
    "description": "Slim-fitting style, contrast raglan long sleeve, three-button henley placket, light weight & soft fabric for breathable and comfortable wearing. And Solid stitched shirts with round neck made for durability and a great fit for casual fashion wear and diehard baseball fans. The Henley style round neckline includes a three-button placket.",
    "category": "men's clothing",
    "image": "https://fakestoreapi.com/img/71-3HjGNDUL._AC_SY879._SX._UX._SY._UY_t.png",
    "rating": {
      "rate": 4.1,
      "count": 259
    }
  },
  {
    "id": 3,
    "title": "Mens Cotton Jacket",
    "price": 55.99,
    "description": "great outerwear jackets for Spring/Autumn/Winter, suitable for many occasions, such as working, hiking, camping, mountain/rock climbing, cycling, traveling or other outdoors. Good gift choice for you or your family member. A warm hearted love to Father, husband or son in this thanksgiving or Christmas Day.",
    "category": "men's clothing",
    "image": "https://fakestoreapi.com/img/71li-ujtlUL._AC_UX679_t.png",
    "rating": {
      "rate": 4.7,
      "count": 500
    }
  },
  {
    "id": 4,
    "title": "Mens Casual Slim Fit",
    "price": 15.99,
    "description": "The color could be slightly different between on the screen and in practice. / Please note that body builds vary by person, therefore, detailed size information should be reviewed below on the product description.",
    "category": "men's clothing",
    "image": "https://fakestoreapi.com/img/71YXzeOuslL._AC_UY879_t.png",
    "rating": {
      "rate": 2.1,
      "count": 430
    }
  },
  {
    "id": 5,
    "title": "John Hardy Women's Legends Naga Gold & Silver Dragon Station Chain Bracelet",
    "price": 695,
    "description": "From our Legends Collection, the Naga was inspired by the mythical water dragon that protects the ocean's pearl. Wear facing inward to be bestowed with love and abundance, or outward for protection.",
    "category": "jewelery",
    "image": "https://fakestoreapi.com/img/71pWzhdJNwL._AC_UL640_QL65_ML3_t.png",
    "rating": {
      "rate": 4.6,
      "count": 400
    }
  },
  {
    "id": 6,
    "title": "Solid Gold Petite Micropave ",
    "price": 168,
    "description": "Satisfaction Guaranteed. Return or exchange any order within 30 days.Designed and sold by Hafeez Center in the United States. Satisfaction Guaranteed. Return or exchange any order within 30 days.",
    "category": "jewelery",
    "image": "https://fakestoreapi.com/img/61sbMiUnoGL._AC_UL640_QL65_ML3_t.png",
    "rating": {
      "rate": 3.9,
      "count": 70
    }
  },
  {
    "id": 7,
    "title": "White Gold Plated Princess",
    "price": 9.99,
    "description": "Classic Created Wedding Engagement Solitaire Diamond Promise Ring for Her. Gifts to spoil your love more for Engagement, Wedding, Anniversary, Valentine's Day...",
    "category": "jewelery",
    "image": "https://fakestoreapi.com/img/71YAIFU48IL._AC_UL640_QL65_ML3_t.png",
    "rating": {
      "rate": 3,
      "count": 400
    }
  },
  {
    "id": 8,
    "title": "Pierced Owl Rose Gold Plated Stainless Steel Double",
    "price": 10.99,
    "description": "Rose Gold Plated Double Flared Tunnel Plug Earrings. Made of 316L Stainless Steel",
    "category": "jewelery",
    "image": "https://fakestoreapi.com/img/51UDEzMJVpL._AC_UL640_QL65_ML3_t.png",
    "rating": {
      "rate": 1.9,
      "count": 100
    }
  },
  {
    "id": 9,
    "title": "WD 2TB Elements Portable External Hard Drive - USB 3.0 ",
    "price": 64,
    "description": "USB 3.0 and USB 2.0 Compatibility Fast data transfers Improve PC Performance High Capacity; Compatibility Formatted NTFS for Windows 10, Windows 8.1, Windows 7; Reformatting may be required for other operating systems; Compatibility may vary depending on user\u2019s hardware configuration and operating system",
    "category": "electronics",
    "image": "https://fakestoreapi.com/img/61IBBVJvSDL._AC_SY879_t.png",
    "rating": {
      "rate": 3.3,
      "count": 203
    }
  },
  {
    "id": 10,
    "title": "SanDisk SSD PLUS 1TB Internal SSD - SATA III 6 Gb/s",
    "price": 109,
    "description": "Easy upgrade for faster boot up, shutdown, application load and response (As compared to 5400 RPM SATA 2.5\u201D hard drive; Based on published specifications and internal benchmarking tests using PCMark vantage scores) Boosts burst write performance, making it ideal for typical PC workloads The perfect balance of performance and reliability Read/write speeds of up to 535MB/s/450MB/s (Based on internal testing; Performance may vary depending upon drive capacity, host device, OS and application.)",
    "category": "electronics",
    "image": "https://fakestoreapi.com/img/61U7T1koQqL._AC_SX679_t.png",
    "rating": {
      "rate": 2.9,
      "count": 470
    }
  },
  {
    "id": 11,
    "title": "Silicon Power 256GB SSD 3D NAND A55 SLC Cache Performance Boost SATA III 2.5",
    "price": 109,
    "description": "3D NAND flash are applied to deliver high transfer speeds Remarkable transfer speeds that enable faster bootup and improved overall system performance. The advanced SLC Cache Technology allows performance boost and longer lifespan 7mm slim design suitable for Ultrabooks and Ultra-slim notebooks. Supports TRIM command, Garbage Collection technology, RAID, and ECC (Error Checking & Correction) to provide the optimized performance and enhanced reliability.",
    "category": "electronics",
    "image": "https://fakestoreapi.com/img/71kWymZ+c+L._AC_SX679_t.png",
    "rating": {
      "rate": 4.8,
      "count": 319
    }
  },
  {
    "id": 12,
    "title": "WD 4TB Gaming Drive Works with Playstation 4 Portable External Hard Drive",
    "price": 114,
    "description": "Expand your PS4 gaming experience, Play anywhere Fast and easy, setup Sleek design with high capacity, 3-year manufacturer's limited warranty",
    "category": "electronics",
    "image": "https://fakestoreapi.com/img/61mtL65D4cL._AC_SX679_t.png",
    "rating": {
      "rate": 4.8,
      "count": 400
    }
  },
  {
    "id": 13,
    "title": "Acer SB220Q bi 21.5 inches Full HD (1920 x 1080) IPS Ultra-Thin",
    "price": 599,
    "description": "21. 5 inches Full HD (1920 x 1080) widescreen IPS display And Radeon free Sync technology. No compatibility for VESA Mount Refresh Rate: 75Hz - Using HDMI port Zero-frame design | ultra-thin | 4ms response time | IPS panel Aspect ratio - 16: 9. Color Supported - 16. 7 million colors. Brightness - 250 nit Tilt angle -5 degree to 15 degree. Horizontal viewing angle-178 degree. Vertical viewing angle-178 degree 75 hertz",
    "category": "electronics",
    "image": "https://fakestoreapi.com/img/81QpkIctqPL._AC_SX679_t.png",
    "rating": {
      "rate": 2.9,
      "count": 250
    }
  },
  {
    "id": 14,
    "title": "Samsung 49-Inch CHG90 144Hz Curved Gaming Monitor (LC49HG90DMNXZA) \u2013 Super Ultrawide Screen QLED ",
    "price": 999.99,
    "description": "49 INCH SUPER ULTRAWIDE 32:9 CURVED GAMING MONITOR with dual 27 inch screen side by side QUANTUM DOT (QLED) TECHNOLOGY, HDR support and factory calibration provides stunningly realistic and accurate color and contrast 144HZ HIGH REFRESH RATE and 1ms ultra fast response time work to eliminate motion blur, ghosting, and reduce input lag",
    "category": "electronics",
    "image": "https://fakestoreapi.com/img/81Zt42ioCgL._AC_SX679_t.png",
    "rating": {
      "rate": 2.2,
      "count": 140
    }
  },
  {
    "id": 15,
    "title": "BIYLACLESEN Women's 3-in-1 Snowboard Jacket Winter Coats",
    "price": 56.99,
    "description": "Note:The Jackets is US standard size, Please choose size as your usual wear Material: 100% Polyester; Detachable Liner Fabric: Warm Fleece. Detachable Functional Liner: Skin Friendly, Lightweigt and Warm.Stand Collar Liner jacket, keep you warm in cold weather. Zippered Pockets: 2 Zippered Hand Pockets, 2 Zippered Pockets on Chest (enough to keep cards or keys)and 1 Hidden Pocket Inside.Zippered Hand Pockets and Hidden Pocket keep your things secure. Humanized Design: Adjustable and Detachable Hood and Adjustable cuff to prevent the wind and water,for a comfortable fit. 3 in 1 Detachable Design provide more convenience, you can separate the coat and inner as needed, or wear it together. It is suitable for different season and help you adapt to different climates",
    "category": "women's clothing",
    "image": "https://fakestoreapi.com/img/51Y5NI-I5jL._AC_UX679_t.png",
    "rating": {
      "rate": 2.6,
      "count": 235
    }
  },
  {
    "id": 16,
    "title": "Lock and Love Women's Removable Hooded Faux Leather Moto Biker Jacket",
    "price": 29.95,
    "description": "100% POLYURETHANE(shell) 100% POLYESTER(lining) 75% POLYESTER 25% COTTON (SWEATER), Faux leather material for style and comfort / 2 pockets of front, 2-For-One Hooded denim style faux leather jacket, Button detail on waist / Detail stitching at sides, HAND WASH ONLY / DO NOT BLEACH / LINE DRY / DO NOT IRON",
    "category": "women's clothing",
    "image": "https://fakestoreapi.com/img/81XH0e8fefL._AC_UY879_t.png",
    "rating": {
      "rate": 2.9,
      "count": 340
    }
  },
  {
    "id": 17,
    "title": "Rain Jacket Women Windbreaker Striped Climbing Raincoats",
    "price": 39.99,
    "description": "Lightweight perfet for trip or casual wear---Long sleeve with hooded, adjustable drawstring waist design. Button and zipper front closure raincoat, fully stripes Lined and The Raincoat has 2 side pockets are a good size to hold all kinds of things, it covers the hips, and the hood is generous but doesn't overdo it.Attached Cotton Lined Hood with Adjustable Drawstrings give it a real styled look.",
    "category": "women's clothing",
    "image": "https://fakestoreapi.com/img/71HblAHs5xL._AC_UY879_-2t.png",
    "rating": {
      "rate": 3.8,
      "count": 679
    }
  },
  {
    "id": 18,
    "title": "MBJ Women's Solid Short Sleeve Boat Neck V ",
    "price": 9.85,
    "description": "95% RAYON 5% SPANDEX, Made in USA or Imported, Do Not Bleach, Lightweight fabric with great stretch for comfort, Ribbed on sleeves and neckline / Double stitching on bottom hem",
    "category": "women's clothing",
    "image": "https://fakestoreapi.com/img/71z3kpMAYsL._AC_UY879_t.png",
    "rating": {
      "rate": 4.7,
      "count": 130
    }
  },
  {
    "id": 19,
    "title": "Opna Women's Short Sleeve Moisture",
    "price": 7.95,
    "description": "100% Polyester, Machine wash, 100% cationic polyester interlock, Machine Wash & Pre Shrunk for a Great Fit, Lightweight, roomy and highly breathable with moisture wicking fabric which helps to keep moisture away, Soft Lightweight Fabric with comfortable V-neck collar and a slimmer fit, delivers a sleek, more feminine silhouette and Added Comfort",
    "category": "women's clothing",
    "image": "https://fakestoreapi.com/img/51eg55uWmdL._AC_UX679_t.png",
    "rating": {
      "rate": 4.5,
      "count": 146
    }
  },
  {
    "id": 20,
    "title": "DANVOUY Womens T Shirt Casual Cotton Short",
    "price": 12.99,
    "description": "95%Cotton,5%Spandex, Features: Casual, Short Sleeve, Letter Print,V-Neck,Fashion Tees, The fabric is soft and has some stretch., Occasion: Casual/Office/Beach/School/Home/Street. Season: Spring,Summer,Autumn,Winter.",
    "category": "women's clothing",
    "image": "https://fakestoreapi.com/img/61pHAEJ4NML._AC_UX679_t.png",
    "rating": {
      "rate": 3.6,
      "count": 145
    }
  }
]
 
]]></system-out>
  </testcase>
  <testcase name="[2:14] Create a new product" classname="features/fakeStoreAPI" time="0.535">
    <system-out><![CDATA[14:47:48.649 [main] INFO  com.intuit.karate - Running tests in environment: tst 
14:47:48.650 [main] INFO  com.intuit.karate - Base URL: https://fakestoreapi.com 
14:47:49.143 [main] INFO  com.intuit.karate - [print] Created Product: {
  "id": 21,
  "title": "Test Product",
  "price": 29.99,
  "description": "A test product",
  "image": "https://fakestoreapi.com/img/test.png",
  "category": "electronics"
}
 
]]></system-out>
  </testcase>
  <testcase name="[3:31] Get a product by ID" classname="features/fakeStoreAPI" time="0.323">
    <system-out><![CDATA[14:47:49.156 [main] INFO  com.intuit.karate - Running tests in environment: tst 
14:47:49.156 [main] INFO  com.intuit.karate - Base URL: https://fakestoreapi.com 
14:47:49.468 [main] INFO  com.intuit.karate - [print] Product with ID 5: {
  "id": 5,
  "title": "John Hardy Women's Legends Naga Gold & Silver Dragon Station Chain Bracelet",
  "price": 695,
  "description": "From our Legends Collection, the Naga was inspired by the mythical water dragon that protects the ocean's pearl. Wear facing inward to be bestowed with love and abundance, or outward for protection.",
  "category": "jewelery",
  "image": "https://fakestoreapi.com/img/71pWzhdJNwL._AC_UL640_QL65_ML3_t.png",
  "rating": {
    "rate": 4.6,
    "count": 400
  }
}
 
]]></system-out>
  </testcase>
  <testcase name="[4:39] Update a product" classname="features/fakeStoreAPI" time="0.87">
    <system-out><![CDATA[14:47:49.481 [main] INFO  com.intuit.karate - Running tests in environment: tst 
14:47:49.482 [main] INFO  com.intuit.karate - Base URL: https://fakestoreapi.com 
]]></system-out>
  </testcase>
  <testcase name="[5:54] Delete a product" classname="features/fakeStoreAPI" time="0.309">
    <system-out><![CDATA[14:47:50.349 [main] INFO  com.intuit.karate - Running tests in environment: tst 
14:47:50.349 [main] INFO  com.intuit.karate - Base URL: https://fakestoreapi.com 
]]></system-out>
  </testcase>
  <testcase name="[6.1:70] Get product by ID" classname="features/fakeStoreAPI" time="0.822">
    <system-out><![CDATA[14:47:50.664 [main] INFO  com.intuit.karate - Running tests in environment: tst 
14:47:50.665 [main] INFO  com.intuit.karate - Base URL: https://fakestoreapi.com 
14:47:51.477 [main] INFO  com.intuit.karate - [print] Product: Fjallraven - Foldsack No. 1 Backpack, Fits 15 Laptops 
]]></system-out>
  </testcase>
  <testcase name="[6.2:71] Get product by ID" classname="features/fakeStoreAPI" time="0.316">
    <system-out><![CDATA[14:47:51.488 [main] INFO  com.intuit.karate - Running tests in environment: tst 
14:47:51.489 [main] INFO  com.intuit.karate - Base URL: https://fakestoreapi.com 
14:47:51.795 [main] INFO  com.intuit.karate - [print] Product: Mens Casual Premium Slim Fit T-Shirts  
]]></system-out>
  </testcase>
  <testcase name="[6.3:72] Get product by ID" classname="features/fakeStoreAPI" time="0.26">
    <system-out><![CDATA[14:47:51.805 [main] INFO  com.intuit.karate - Running tests in environment: tst 
14:47:51.805 [main] INFO  com.intuit.karate - Base URL: https://fakestoreapi.com 
14:47:52.058 [main] INFO  com.intuit.karate - [print] Product: Mens Cotton Jacket 
]]></system-out>
  </testcase>
  <testcase name="[6.4:73] Get product by ID" classname="features/fakeStoreAPI" time="0.319">
    <system-out><![CDATA[14:47:52.066 [main] INFO  com.intuit.karate - Running tests in environment: tst 
14:47:52.066 [main] INFO  com.intuit.karate - Base URL: https://fakestoreapi.com 
14:47:52.378 [main] INFO  com.intuit.karate - [print] Product: Mens Casual Slim Fit 
]]></system-out>
  </testcase>
  <testcase name="[6.5:74] Get product by ID" classname="features/fakeStoreAPI" time="2.501">
    <system-out><![CDATA[14:47:52.388 [main] INFO  com.intuit.karate - Running tests in environment: tst 
14:47:52.389 [main] INFO  com.intuit.karate - Base URL: https://fakestoreapi.com 
14:47:52.681 [main] INFO  com.intuit.karate - [print] Product: John Hardy Women's Legends Naga Gold & Silver Dragon Station Chain Bracelet 
---------------------------------------------------------
feature: classpath:features/fakeStoreAPI.feature
scenarios: 10 | passed: 10 | failed:  0 | time: 27.1528
---------------------------------------------------------

Karate version: 1.4.1
======================================================
elapsed:  32.71 | threads:    1 | thread time: 27.15 
features:     1 | skipped:    0 | efficiency: 0.83
scenarios:   10 | passed:    10 | failed: 0
======================================================

HTML report: (paste into browser to view) | Karate version: 1.4.1
file:///C:/Users/Bonolo/Main.java/Documents/KarateProjects/karate-automation/target/karate-reports/karate-summary.html
===================================================================

]]></system-out>
  </testcase>
</testsuite>