<?xml version="1.0" encoding="UTF-8"?>
<testsuite xmlns:xsi="http://www.w3.org/2001/XMLSchema-instance" xsi:noNamespaceSchemaLocation="https://maven.apache.org/surefire/maven-surefire-plugin/xsd/surefire-test-report.xsd" version="3.0.2" name="uitests.SauceDemoCheckoutTest" time="19.42" tests="1" errors="0" skipped="0" failures="0">
  <properties>
[...]
</properties>
  <testcase name="testFullCheckout" classname="uitests.SauceDemoCheckoutTest" time="2.877">
    <system-out><![CDATA[SAUCEDEMO E2E CHECKOUT TEST
STEP 1: Login to SauceDemo
   [OK] Login successful

STEP 2: Add product to cart
   [OK] Product added

STEP 3: View cart
   [OK] Cart verified

STEP 4: Checkout
   [OK] Checkout completed

STEP 5: Verification
   [OK] Thank you for your order!
TEST PASSED!
]]></system-out>
  </testcase>
</testsuite>